<?xml version="1.0" encoding="UTF-8" ?>
<testsuite tests="11" failures="0" name="org.se.lab.OrderTest" time="0.006" errors="0" skipped="0">
  <properties>
[...]
</properties>
  <testcase classname="org.se.lab.OrderTest" name="testOrderLine_IdIsNegative" time="0.004"/>
  <testcase classname="org.se.lab.OrderTest" name="testOrder" time="0"/>
  <testcase classname="org.se.lab.OrderTest" name="testOrder_NameIsNull" time="0"/>
  <testcase classname="org.se.lab.OrderTest" name="testProduct_IdIsNegative" time="0"/>
  <testcase classname="org.se.lab.OrderTest" name="testOrderLine_QuantityIsNegative" time="0"/>
  <testcase classname="org.se.lab.OrderTest" name="testOrderLine_ProductIsNull" time="0"/>
  <testcase classname="org.se.lab.OrderTest" name="testOrderLine1" time="0"/>
  <testcase classname="org.se.lab.OrderTest" name="testOrderLine2" time="0.001"/>
  <testcase classname="org.se.lab.OrderTest" name="testOrder_IdIsNegative" time="0"/>
  <testcase classname="org.se.lab.OrderTest" name="testProduct_PriceIsNegative" time="0"/>
  <testcase classname="org.se.lab.OrderTest" name="testProduct_DescriptionIsNull" time="0.001"/>
</testsuite>